# JRE version: OpenJDK Runtime Environment Temurin-17.0.6+10 (17.0.6+10) (build 17.0.6+10)
# Java VM: OpenJDK 64-Bit Server VM Temurin-17.0.6+10 (17.0.6+10, mixed mode, tiered, g1 gc, linux-amd64)
GC Precious Log:
 CPUs: 4 total, 4 available
 Memory: 3920M
 Large Page Support: Disabled
 NUMA Support: Disabled
 Compressed Oops: Disabled
 Heap Region Size: 1M
 Heap Min Capacity: 400M
 Heap Initial Capacity: 400M
 Heap Max Capacity: 2G
 Pre-touch: Disabled
 Parallel Workers: 4
 Concurrent Workers: 1
 Concurrent Refinement Workers: 4
 Periodic GC: Disabled
Heap:
 garbage-first heap   total 409600K, used 44257K [0x00007f19ed400000, 0x00007f1a6d400000)
  region size 1024K, 34 young (34816K), 6 survivors (6144K)
 Metaspace       used 43040K, committed 43200K, reserved 49152K
GC Heap History (16 events):
Event: 1.133 GC heap before
{Heap before GC invocations=0 (full 0):
 garbage-first heap   total 409600K, used 19456K [0x00007f19ed400000, 0x00007f1a6d400000)
  region size 1024K, 20 young (20480K), 0 survivors (0K)
 Metaspace       used 12959K, committed 13056K, reserved 16384K
}
Event: 1.138 GC heap after
{Heap after GC invocations=1 (full 0):
 garbage-first heap   total 409600K, used 3049K [0x00007f19ed400000, 0x00007f1a6d400000)
  region size 1024K, 3 young (3072K), 3 survivors (3072K)
 Metaspace       used 12959K, committed 13056K, reserved 16384K
}
Event: 2.262 GC heap before
{Heap before GC invocations=1 (full 0):
 garbage-first heap   total 409600K, used 16361K [0x00007f19ed400000, 0x00007f1a6d400000)
  region size 1024K, 17 young (17408K), 3 survivors (3072K)
 Metaspace       used 21471K, committed 21504K, reserved 24576K
}
Event: 2.271 GC heap after
{Heap after GC invocations=2 (full 0):
 garbage-first heap   total 409600K, used 6047K [0x00007f19ed400000, 0x00007f1a6d400000)
  region size 1024K, 3 young (3072K), 3 survivors (3072K)
 Metaspace       used 21471K, committed 21504K, reserved 24576K
}
Event: 9.377 GC heap before
{Heap before GC invocations=3 (full 0):
 garbage-first heap   total 409600K, used 21407K [0x00007f19ed400000, 0x00007f1a6d400000)
  region size 1024K, 19 young (19456K), 3 survivors (3072K)
 Metaspace       used 32997K, committed 33088K, reserved 40960K
}
Event: 9.401 GC heap after
{Heap after GC invocations=4 (full 1):
 garbage-first heap   total 409600K, used 10017K [0x00007f19ed400000, 0x00007f1a6d400000)
  region size 1024K, 0 young (0K), 0 survivors (0K)
 Metaspace       used 32997K, committed 33088K, reserved 40960K
}
Event: 23.421 GC heap before
{Heap before GC invocations=4 (full 1):
 garbage-first heap   total 409600K, used 42785K [0x00007f19ed400000, 0x00007f1a6d400000)
  region size 1024K, 33 young (33792K), 0 survivors (0K)
 Metaspace       used 35318K, committed 35456K, reserved 40960K
}
Event: 23.425 GC heap after
{Heap after GC invocations=5 (full 1):
 garbage-first heap   total 409600K, used 10731K [0x00007f19ed400000, 0x00007f1a6d400000)
  region size 1024K, 1 young (1024K), 1 survivors (1024K)
 Metaspace       used 35318K, committed 35456K, reserved 40960K
}
Event: 43.626 GC heap before
{Heap before GC invocations=5 (full 1):
 garbage-first heap   total 409600K, used 18923K [0x00007f19ed400000, 0x00007f1a6d400000)
  region size 1024K, 10 young (10240K), 1 survivors (1024K)
 Metaspace       used 35530K, committed 35648K, reserved 40960K
}
Event: 43.645 GC heap after
{Heap after GC invocations=6 (full 2):
 garbage-first heap   total 409600K, used 10556K [0x00007f19ed400000, 0x00007f1a6d400000)
  region size 1024K, 0 young (0K), 0 survivors (0K)
 Metaspace       used 35530K, committed 35648K, reserved 40960K
}
Event: 52.597 GC heap before
{Heap before GC invocations=6 (full 2):
 garbage-first heap   total 409600K, used 20796K [0x00007f19ed400000, 0x00007f1a6d400000)
  region size 1024K, 11 young (11264K), 0 survivors (0K)
 Metaspace       used 35614K, committed 35776K, reserved 40960K
}
Event: 52.618 GC heap after
{Heap after GC invocations=7 (full 3):
 garbage-first heap   total 409600K, used 10756K [0x00007f19ed400000, 0x00007f1a6d400000)
  region size 1024K, 0 young (0K), 0 survivors (0K)
 Metaspace       used 35614K, committed 35776K, reserved 40960K
}
Event: 112.320 GC heap before
{Heap before GC invocations=7 (full 3):
 garbage-first heap   total 409600K, used 26116K [0x00007f19ed400000, 0x00007f1a6d400000)
  region size 1024K, 17 young (17408K), 0 survivors (0K)
 Metaspace       used 35841K, committed 35968K, reserved 40960K
}
Event: 112.364 GC heap after
{Heap after GC invocations=8 (full 4):
 garbage-first heap   total 409600K, used 11011K [0x00007f19ed400000, 0x00007f1a6d400000)
  region size 1024K, 0 young (0K), 0 survivors (0K)
 Metaspace       used 35841K, committed 35968K, reserved 40960K
}
Event: 182.408 GC heap before
{Heap before GC invocations=8 (full 4):
 garbage-first heap   total 409600K, used 214787K [0x00007f19ed400000, 0x00007f1a6d400000)
  region size 1024K, 199 young (203776K), 0 survivors (0K)
 Metaspace       used 42489K, committed 42688K, reserved 49152K
}
Event: 182.419 GC heap after
{Heap after GC invocations=9 (full 4):
 garbage-first heap   total 409600K, used 16609K [0x00007f19ed400000, 0x00007f1a6d400000)
  region size 1024K, 6 young (6144K), 6 survivors (6144K)
 Metaspace       used 42489K, committed 42688K, reserved 49152K
}

