# JRE version: OpenJDK Runtime Environment Temurin-17.0.6+10 (17.0.6+10) (build 17.0.6+10)
# Java VM: OpenJDK 64-Bit Server VM Temurin-17.0.6+10 (17.0.6+10, mixed mode, tiered, g1 gc, linux-amd64)
GC Precious Log:
 CPUs: 4 total, 4 available
 Memory: 3920M
 Large Page Support: Disabled
 NUMA Support: Disabled
 Compressed Oops: Disabled
 Heap Region Size: 1M
 Heap Min Capacity: 400M
 Heap Initial Capacity: 400M
 Heap Max Capacity: 2G
 Pre-touch: Disabled
 Parallel Workers: 4
 Concurrent Workers: 1
 Concurrent Refinement Workers: 4
 Periodic GC: Disabled
Heap:
 garbage-first heap   total 409600K, used 320108K [0x00007ff46d400000, 0x00007ff4ed400000)
  region size 1024K, 236 young (241664K), 15 survivors (15360K)
 Metaspace       used 44786K, committed 44928K, reserved 49152K
GC Heap History (20 events):
Event: 748.163 GC heap before
{Heap before GC invocations=31 (full 1):
 garbage-first heap   total 409600K, used 317040K [0x00007ff46d400000, 0x00007ff4ed400000)
  region size 1024K, 240 young (245760K), 15 survivors (15360K)
 Metaspace       used 44769K, committed 44928K, reserved 49152K
}
Event: 748.177 GC heap after
{Heap after GC invocations=32 (full 1):
 garbage-first heap   total 409600K, used 89200K [0x00007ff46d400000, 0x00007ff4ed400000)
  region size 1024K, 17 young (17408K), 17 survivors (17408K)
 Metaspace       used 44769K, committed 44928K, reserved 49152K
}
Event: 748.596 GC heap before
{Heap before GC invocations=32 (full 1):
 garbage-first heap   total 409600K, used 316528K [0x00007ff46d400000, 0x00007ff4ed400000)
  region size 1024K, 240 young (245760K), 17 survivors (17408K)
 Metaspace       used 44774K, committed 44928K, reserved 49152K
}
Event: 748.610 GC heap after
{Heap after GC invocations=33 (full 1):
 garbage-first heap   total 409600K, used 89795K [0x00007ff46d400000, 0x00007ff4ed400000)
  region size 1024K, 13 young (13312K), 13 survivors (13312K)
 Metaspace       used 44774K, committed 44928K, reserved 49152K
}
Event: 749.117 GC heap before
{Heap before GC invocations=33 (full 1):
 garbage-first heap   total 409600K, used 321219K [0x00007ff46d400000, 0x00007ff4ed400000)
  region size 1024K, 240 young (245760K), 13 survivors (13312K)
 Metaspace       used 44774K, committed 44928K, reserved 49152K
}
Event: 749.129 GC heap after
{Heap after GC invocations=34 (full 1):
 garbage-first heap   total 409600K, used 89795K [0x00007ff46d400000, 0x00007ff4ed400000)
  region size 1024K, 13 young (13312K), 13 survivors (13312K)
 Metaspace       used 44774K, committed 44928K, reserved 49152K
}
Event: 749.621 GC heap before
{Heap before GC invocations=34 (full 1):
 garbage-first heap   total 409600K, used 321219K [0x00007ff46d400000, 0x00007ff4ed400000)
  region size 1024K, 240 young (245760K), 13 survivors (13312K)
 Metaspace       used 44779K, committed 44928K, reserved 49152K
}
Event: 749.630 GC heap after
{Heap after GC invocations=35 (full 1):
 garbage-first heap   total 409600K, used 90307K [0x00007ff46d400000, 0x00007ff4ed400000)
  region size 1024K, 14 young (14336K), 14 survivors (14336K)
 Metaspace       used 44779K, committed 44928K, reserved 49152K
}
Event: 750.121 GC heap before
{Heap before GC invocations=35 (full 1):
 garbage-first heap   total 409600K, used 320707K [0x00007ff46d400000, 0x00007ff4ed400000)
  region size 1024K, 240 young (245760K), 14 survivors (14336K)
 Metaspace       used 44781K, committed 44928K, reserved 49152K
}
Event: 750.134 GC heap after
{Heap after GC invocations=36 (full 1):
 garbage-first heap   total 409600K, used 91557K [0x00007ff46d400000, 0x00007ff4ed400000)
  region size 1024K, 14 young (14336K), 14 survivors (14336K)
 Metaspace       used 44781K, committed 44928K, reserved 49152K
}
Event: 750.802 GC heap before
{Heap before GC invocations=36 (full 1):
 garbage-first heap   total 409600K, used 321957K [0x00007ff46d400000, 0x00007ff4ed400000)
  region size 1024K, 240 young (245760K), 14 survivors (14336K)
 Metaspace       used 44781K, committed 44928K, reserved 49152K
}
Event: 750.820 GC heap after
{Heap after GC invocations=37 (full 1):
 garbage-first heap   total 409600K, used 92208K [0x00007ff46d400000, 0x00007ff4ed400000)
  region size 1024K, 15 young (15360K), 15 survivors (15360K)
 Metaspace       used 44781K, committed 44928K, reserved 49152K
}
Event: 751.371 GC heap before
{Heap before GC invocations=37 (full 1):
 garbage-first heap   total 409600K, used 321584K [0x00007ff46d400000, 0x00007ff4ed400000)
  region size 1024K, 240 young (245760K), 15 survivors (15360K)
 Metaspace       used 44785K, committed 44928K, reserved 49152K
}
Event: 751.391 GC heap after
{Heap after GC invocations=38 (full 1):
 garbage-first heap   total 409600K, used 92833K [0x00007ff46d400000, 0x00007ff4ed400000)
  region size 1024K, 15 young (15360K), 15 survivors (15360K)
 Metaspace       used 44785K, committed 44928K, reserved 49152K
}
Event: 752.020 GC heap before
{Heap before GC invocations=38 (full 1):
 garbage-first heap   total 409600K, used 322209K [0x00007ff46d400000, 0x00007ff4ed400000)
  region size 1024K, 240 young (245760K), 15 survivors (15360K)
 Metaspace       used 44785K, committed 44928K, reserved 49152K
}
Event: 752.038 GC heap after
{Heap after GC invocations=39 (full 1):
 garbage-first heap   total 409600K, used 93230K [0x00007ff46d400000, 0x00007ff4ed400000)
  region size 1024K, 15 young (15360K), 15 survivors (15360K)
 Metaspace       used 44785K, committed 44928K, reserved 49152K
}
Event: 752.648 GC heap before
{Heap before GC invocations=39 (full 1):
 garbage-first heap   total 409600K, used 322606K [0x00007ff46d400000, 0x00007ff4ed400000)
  region size 1024K, 240 young (245760K), 15 survivors (15360K)
 Metaspace       used 44785K, committed 44928K, reserved 49152K
}
Event: 752.667 GC heap after
{Heap after GC invocations=40 (full 1):
 garbage-first heap   total 409600K, used 95827K [0x00007ff46d400000, 0x00007ff4ed400000)
  region size 1024K, 17 young (17408K), 17 survivors (17408K)
 Metaspace       used 44785K, committed 44928K, reserved 49152K
}
Event: 753.201 GC heap before
{Heap before GC invocations=40 (full 1):
 garbage-first heap   total 409600K, used 324179K [0x00007ff46d400000, 0x00007ff4ed400000)
  region size 1024K, 240 young (245760K), 17 survivors (17408K)
 Metaspace       used 44785K, committed 44928K, reserved 49152K
}
Event: 753.212 GC heap after
{Heap after GC invocations=41 (full 1):
 garbage-first heap   total 409600K, used 95852K [0x00007ff46d400000, 0x00007ff4ed400000)
  region size 1024K, 15 young (15360K), 15 survivors (15360K)
 Metaspace       used 44785K, committed 44928K, reserved 49152K
}

