# JRE version: OpenJDK Runtime Environment Temurin-17.0.6+10 (17.0.6+10) (build 17.0.6+10)
# Java VM: OpenJDK 64-Bit Server VM Temurin-17.0.6+10 (17.0.6+10, mixed mode, tiered, g1 gc, linux-amd64)
GC Precious Log:
 CPUs: 4 total, 4 available
 Memory: 3920M
 Large Page Support: Disabled
 NUMA Support: Disabled
 Compressed Oops: Disabled
 Heap Region Size: 1M
 Heap Min Capacity: 400M
 Heap Initial Capacity: 400M
 Heap Max Capacity: 2G
 Pre-touch: Disabled
 Parallel Workers: 4
 Concurrent Workers: 1
 Concurrent Refinement Workers: 4
 Periodic GC: Disabled
Heap:
 garbage-first heap   total 409600K, used 177348K [0x00007f5915400000, 0x00007f5995400000)
  region size 1024K, 144 young (147456K), 0 survivors (0K)
 Metaspace       used 45170K, committed 45376K, reserved 49152K
GC Heap History (20 events):
Event: 216.038 GC heap before
{Heap before GC invocations=11 (full 1):
 garbage-first heap   total 409600K, used 266816K [0x00007f5915400000, 0x00007f5995400000)
  region size 1024K, 240 young (245760K), 17 survivors (17408K)
 Metaspace       used 44597K, committed 44800K, reserved 49152K
}
Event: 216.057 GC heap after
{Heap after GC invocations=12 (full 1):
 garbage-first heap   total 409600K, used 39834K [0x00007f5915400000, 0x00007f5995400000)
  region size 1024K, 12 young (12288K), 12 survivors (12288K)
 Metaspace       used 44597K, committed 44800K, reserved 49152K
}
Event: 306.305 GC heap before
{Heap before GC invocations=12 (full 1):
 garbage-first heap   total 409600K, used 272282K [0x00007f5915400000, 0x00007f5995400000)
  region size 1024K, 240 young (245760K), 12 survivors (12288K)
 Metaspace       used 44819K, committed 44992K, reserved 49152K
}
Event: 306.325 GC heap after
{Heap after GC invocations=13 (full 1):
 garbage-first heap   total 409600K, used 40346K [0x00007f5915400000, 0x00007f5995400000)
  region size 1024K, 13 young (13312K), 13 survivors (13312K)
 Metaspace       used 44819K, committed 44992K, reserved 49152K
}
Event: 314.011 GC heap before
{Heap before GC invocations=13 (full 1):
 garbage-first heap   total 409600K, used 271770K [0x00007f5915400000, 0x00007f5995400000)
  region size 1024K, 240 young (245760K), 13 survivors (13312K)
 Metaspace       used 44831K, committed 44992K, reserved 49152K
}
Event: 314.025 GC heap after
{Heap after GC invocations=14 (full 1):
 garbage-first heap   total 409600K, used 41882K [0x00007f5915400000, 0x00007f5995400000)
  region size 1024K, 14 young (14336K), 14 survivors (14336K)
 Metaspace       used 44831K, committed 44992K, reserved 49152K
}
Event: 314.589 GC heap before
{Heap before GC invocations=14 (full 1):
 garbage-first heap   total 409600K, used 272282K [0x00007f5915400000, 0x00007f5995400000)
  region size 1024K, 240 young (245760K), 14 survivors (14336K)
 Metaspace       used 44832K, committed 44992K, reserved 49152K
}
Event: 314.599 GC heap after
{Heap after GC invocations=15 (full 1):
 garbage-first heap   total 409600K, used 42906K [0x00007f5915400000, 0x00007f5995400000)
  region size 1024K, 15 young (15360K), 15 survivors (15360K)
 Metaspace       used 44832K, committed 44992K, reserved 49152K
}
Event: 315.119 GC heap before
{Heap before GC invocations=15 (full 1):
 garbage-first heap   total 409600K, used 272282K [0x00007f5915400000, 0x00007f5995400000)
  region size 1024K, 240 young (245760K), 15 survivors (15360K)
 Metaspace       used 44832K, committed 44992K, reserved 49152K
}
Event: 315.129 GC heap after
{Heap after GC invocations=16 (full 1):
 garbage-first heap   total 409600K, used 42906K [0x00007f5915400000, 0x00007f5995400000)
  region size 1024K, 15 young (15360K), 15 survivors (15360K)
 Metaspace       used 44832K, committed 44992K, reserved 49152K
}
Event: 315.710 GC heap before
{Heap before GC invocations=16 (full 1):
 garbage-first heap   total 409600K, used 272282K [0x00007f5915400000, 0x00007f5995400000)
  region size 1024K, 240 young (245760K), 15 survivors (15360K)
 Metaspace       used 44832K, committed 44992K, reserved 49152K
}
Event: 315.723 GC heap after
{Heap after GC invocations=17 (full 1):
 garbage-first heap   total 409600K, used 44954K [0x00007f5915400000, 0x00007f5995400000)
  region size 1024K, 17 young (17408K), 17 survivors (17408K)
 Metaspace       used 44832K, committed 44992K, reserved 49152K
}
Event: 316.183 GC heap before
{Heap before GC invocations=17 (full 1):
 garbage-first heap   total 409600K, used 272282K [0x00007f5915400000, 0x00007f5995400000)
  region size 1024K, 240 young (245760K), 17 survivors (17408K)
 Metaspace       used 44832K, committed 44992K, reserved 49152K
}
Event: 316.197 GC heap after
{Heap after GC invocations=18 (full 1):
 garbage-first heap   total 409600K, used 44388K [0x00007f5915400000, 0x00007f5995400000)
  region size 1024K, 12 young (12288K), 12 survivors (12288K)
 Metaspace       used 44832K, committed 44992K, reserved 49152K
}
Event: 318.203 GC heap before
{Heap before GC invocations=18 (full 1):
 garbage-first heap   total 409600K, used 276836K [0x00007f5915400000, 0x00007f5995400000)
  region size 1024K, 240 young (245760K), 12 survivors (12288K)
 Metaspace       used 44833K, committed 44992K, reserved 49152K
}
Event: 318.222 GC heap after
{Heap after GC invocations=19 (full 1):
 garbage-first heap   total 409600K, used 44900K [0x00007f5915400000, 0x00007f5995400000)
  region size 1024K, 12 young (12288K), 12 survivors (12288K)
 Metaspace       used 44833K, committed 44992K, reserved 49152K
}
Event: 390.704 GC heap before
{Heap before GC invocations=19 (full 1):
 garbage-first heap   total 409600K, used 277348K [0x00007f5915400000, 0x00007f5995400000)
  region size 1024K, 240 young (245760K), 12 survivors (12288K)
 Metaspace       used 44961K, committed 45120K, reserved 49152K
}
Event: 390.712 GC heap after
{Heap after GC invocations=20 (full 1):
 garbage-first heap   total 409600K, used 41316K [0x00007f5915400000, 0x00007f5995400000)
  region size 1024K, 9 young (9216K), 9 survivors (9216K)
 Metaspace       used 44961K, committed 45120K, reserved 49152K
}
Event: 639.013 GC heap before
{Heap before GC invocations=20 (full 1):
 garbage-first heap   total 409600K, used 267620K [0x00007f5915400000, 0x00007f5995400000)
  region size 1024K, 232 young (237568K), 9 survivors (9216K)
 Metaspace       used 45090K, committed 45312K, reserved 49152K
}
Event: 639.077 GC heap after
{Heap after GC invocations=21 (full 2):
 garbage-first heap   total 409600K, used 31940K [0x00007f5915400000, 0x00007f5995400000)
  region size 1024K, 0 young (0K), 0 survivors (0K)
 Metaspace       used 45090K, committed 45312K, reserved 49152K
}

