# JRE version: OpenJDK Runtime Environment Temurin-17.0.6+10 (17.0.6+10) (build 17.0.6+10)
# Java VM: OpenJDK 64-Bit Server VM Temurin-17.0.6+10 (17.0.6+10, mixed mode, tiered, g1 gc, linux-amd64)
GC Precious Log:
 CPUs: 4 total, 4 available
 Memory: 3920M
 Large Page Support: Disabled
 NUMA Support: Disabled
 Compressed Oops: Disabled
 Heap Region Size: 1M
 Heap Min Capacity: 400M
 Heap Initial Capacity: 400M
 Heap Max Capacity: 2G
 Pre-touch: Disabled
 Parallel Workers: 4
 Concurrent Workers: 1
 Concurrent Refinement Workers: 4
 Periodic GC: Disabled
Heap:
 garbage-first heap   total 409600K, used 143800K [0x00007f9f01400000, 0x00007f9f81400000)
  region size 1024K, 133 young (136192K), 2 survivors (2048K)
 Metaspace       used 40644K, committed 40832K, reserved 40960K
GC Heap History (8 events):
Event: 0.697 GC heap before
{Heap before GC invocations=0 (full 0):
 garbage-first heap   total 409600K, used 19456K [0x00007f9f01400000, 0x00007f9f81400000)
  region size 1024K, 20 young (20480K), 0 survivors (0K)
 Metaspace       used 12960K, committed 13056K, reserved 16384K
}
Event: 0.704 GC heap after
{Heap after GC invocations=1 (full 0):
 garbage-first heap   total 409600K, used 3032K [0x00007f9f01400000, 0x00007f9f81400000)
  region size 1024K, 3 young (3072K), 3 survivors (3072K)
 Metaspace       used 12960K, committed 13056K, reserved 16384K
}
Event: 1.330 GC heap before
{Heap before GC invocations=1 (full 0):
 garbage-first heap   total 409600K, used 16344K [0x00007f9f01400000, 0x00007f9f81400000)
  region size 1024K, 17 young (17408K), 3 survivors (3072K)
 Metaspace       used 21469K, committed 21504K, reserved 24576K
}
Event: 1.338 GC heap after
{Heap after GC invocations=2 (full 0):
 garbage-first heap   total 409600K, used 6066K [0x00007f9f01400000, 0x00007f9f81400000)
  region size 1024K, 3 young (3072K), 3 survivors (3072K)
 Metaspace       used 21469K, committed 21504K, reserved 24576K
}
Event: 7.551 GC heap before
{Heap before GC invocations=3 (full 0):
 garbage-first heap   total 409600K, used 20402K [0x00007f9f01400000, 0x00007f9f81400000)
  region size 1024K, 18 young (18432K), 3 survivors (3072K)
 Metaspace       used 32840K, committed 32960K, reserved 40960K
}
Event: 7.581 GC heap after
{Heap after GC invocations=4 (full 1):
 garbage-first heap   total 409600K, used 9656K [0x00007f9f01400000, 0x00007f9f81400000)
  region size 1024K, 0 young (0K), 0 survivors (0K)
 Metaspace       used 32840K, committed 32960K, reserved 40960K
}
Event: 9.823 GC heap before
{Heap before GC invocations=4 (full 1):
 garbage-first heap   total 409600K, used 45496K [0x00007f9f01400000, 0x00007f9f81400000)
  region size 1024K, 35 young (35840K), 0 survivors (0K)
 Metaspace       used 36363K, committed 36544K, reserved 40960K
}
Event: 9.828 GC heap after
{Heap after GC invocations=5 (full 1):
 garbage-first heap   total 409600K, used 11704K [0x00007f9f01400000, 0x00007f9f81400000)
  region size 1024K, 2 young (2048K), 2 survivors (2048K)
 Metaspace       used 36363K, committed 36544K, reserved 40960K
}

