# JRE version: OpenJDK Runtime Environment Temurin-17.0.6+10 (17.0.6+10) (build 17.0.6+10)
# Java VM: OpenJDK 64-Bit Server VM Temurin-17.0.6+10 (17.0.6+10, mixed mode, tiered, g1 gc, linux-amd64)
GC Precious Log:
 CPUs: 4 total, 4 available
 Memory: 3920M
 Large Page Support: Disabled
 NUMA Support: Disabled
 Compressed Oops: Disabled
 Heap Region Size: 1M
 Heap Min Capacity: 400M
 Heap Initial Capacity: 400M
 Heap Max Capacity: 2G
 Pre-touch: Disabled
 Parallel Workers: 4
 Concurrent Workers: 1
 Concurrent Refinement Workers: 4
 Periodic GC: Disabled
Heap:
 garbage-first heap   total 477184K, used 194405K [0x00007f6e8d400000, 0x00007f6f0d400000)
  region size 1024K, 174 young (178176K), 12 survivors (12288K)
 Metaspace       used 45972K, committed 46208K, reserved 49152K
GC Heap History (20 events):
Event: 2788.835 GC heap before
{Heap before GC invocations=15 (full 1):
 garbage-first heap   total 409600K, used 255567K [0x00007f6e8d400000, 0x00007f6f0d400000)
  region size 1024K, 240 young (245760K), 15 survivors (15360K)
 Metaspace       used 45593K, committed 45824K, reserved 49152K
}
Event: 2788.846 GC heap after
{Heap after GC invocations=16 (full 1):
 garbage-first heap   total 409600K, used 26191K [0x00007f6e8d400000, 0x00007f6f0d400000)
  region size 1024K, 16 young (16384K), 16 survivors (16384K)
 Metaspace       used 45593K, committed 45824K, reserved 49152K
}
Event: 2789.284 GC heap before
{Heap before GC invocations=16 (full 1):
 garbage-first heap   total 409600K, used 254543K [0x00007f6e8d400000, 0x00007f6f0d400000)
  region size 1024K, 240 young (245760K), 16 survivors (16384K)
 Metaspace       used 45593K, committed 45824K, reserved 49152K
}
Event: 2789.298 GC heap after
{Heap after GC invocations=17 (full 1):
 garbage-first heap   total 409600K, used 26191K [0x00007f6e8d400000, 0x00007f6f0d400000)
  region size 1024K, 16 young (16384K), 16 survivors (16384K)
 Metaspace       used 45593K, committed 45824K, reserved 49152K
}
Event: 2789.659 GC heap before
{Heap before GC invocations=17 (full 1):
 garbage-first heap   total 409600K, used 254543K [0x00007f6e8d400000, 0x00007f6f0d400000)
  region size 1024K, 240 young (245760K), 16 survivors (16384K)
 Metaspace       used 45594K, committed 45824K, reserved 49152K
}
Event: 2789.671 GC heap after
{Heap after GC invocations=18 (full 1):
 garbage-first heap   total 409600K, used 28751K [0x00007f6e8d400000, 0x00007f6f0d400000)
  region size 1024K, 18 young (18432K), 18 survivors (18432K)
 Metaspace       used 45594K, committed 45824K, reserved 49152K
}
Event: 2790.126 GC heap before
{Heap before GC invocations=18 (full 1):
 garbage-first heap   total 409600K, used 256079K [0x00007f6e8d400000, 0x00007f6f0d400000)
  region size 1024K, 240 young (245760K), 18 survivors (18432K)
 Metaspace       used 45605K, committed 45824K, reserved 49152K
}
Event: 2790.150 GC heap after
{Heap after GC invocations=19 (full 1):
 garbage-first heap   total 409600K, used 28408K [0x00007f6e8d400000, 0x00007f6f0d400000)
  region size 1024K, 13 young (13312K), 13 survivors (13312K)
 Metaspace       used 45605K, committed 45824K, reserved 49152K
}
Event: 2790.474 GC heap before
{Heap before GC invocations=19 (full 1):
 garbage-first heap   total 409600K, used 259832K [0x00007f6e8d400000, 0x00007f6f0d400000)
  region size 1024K, 240 young (245760K), 13 survivors (13312K)
 Metaspace       used 45605K, committed 45824K, reserved 49152K
}
Event: 2790.482 GC heap after
{Heap after GC invocations=20 (full 1):
 garbage-first heap   total 409600K, used 29944K [0x00007f6e8d400000, 0x00007f6f0d400000)
  region size 1024K, 15 young (15360K), 15 survivors (15360K)
 Metaspace       used 45605K, committed 45824K, reserved 49152K
}
Event: 2790.861 GC heap before
{Heap before GC invocations=20 (full 1):
 garbage-first heap   total 409600K, used 260344K [0x00007f6e8d400000, 0x00007f6f0d400000)
  region size 1024K, 240 young (245760K), 15 survivors (15360K)
 Metaspace       used 45605K, committed 45824K, reserved 49152K
}
Event: 2790.871 GC heap after
{Heap after GC invocations=21 (full 1):
 garbage-first heap   total 409600K, used 30456K [0x00007f6e8d400000, 0x00007f6f0d400000)
  region size 1024K, 15 young (15360K), 15 survivors (15360K)
 Metaspace       used 45605K, committed 45824K, reserved 49152K
}
Event: 2791.270 GC heap before
{Heap before GC invocations=21 (full 1):
 garbage-first heap   total 409600K, used 259832K [0x00007f6e8d400000, 0x00007f6f0d400000)
  region size 1024K, 240 young (245760K), 15 survivors (15360K)
 Metaspace       used 45605K, committed 45824K, reserved 49152K
}
Event: 2791.287 GC heap after
{Heap after GC invocations=22 (full 1):
 garbage-first heap   total 409600K, used 30592K [0x00007f6e8d400000, 0x00007f6f0d400000)
  region size 1024K, 14 young (14336K), 14 survivors (14336K)
 Metaspace       used 45605K, committed 45824K, reserved 49152K
}
Event: 2791.669 GC heap before
{Heap before GC invocations=22 (full 1):
 garbage-first heap   total 409600K, used 260992K [0x00007f6e8d400000, 0x00007f6f0d400000)
  region size 1024K, 240 young (245760K), 14 survivors (14336K)
 Metaspace       used 45610K, committed 45824K, reserved 49152K
}
Event: 2791.679 GC heap after
{Heap after GC invocations=23 (full 1):
 garbage-first heap   total 477184K, used 31756K [0x00007f6e8d400000, 0x00007f6f0d400000)
  region size 1024K, 15 young (15360K), 15 survivors (15360K)
 Metaspace       used 45610K, committed 45824K, reserved 49152K
}
Event: 2792.325 GC heap before
{Heap before GC invocations=23 (full 1):
 garbage-first heap   total 477184K, used 301068K [0x00007f6e8d400000, 0x00007f6f0d400000)
  region size 1024K, 279 young (285696K), 15 survivors (15360K)
 Metaspace       used 45610K, committed 45824K, reserved 49152K
}
Event: 2792.335 GC heap after
{Heap after GC invocations=24 (full 1):
 garbage-first heap   total 477184K, used 32938K [0x00007f6e8d400000, 0x00007f6f0d400000)
  region size 1024K, 15 young (15360K), 15 survivors (15360K)
 Metaspace       used 45610K, committed 45824K, reserved 49152K
}
Event: 2969.861 GC heap before
{Heap before GC invocations=24 (full 1):
 garbage-first heap   total 477184K, used 302250K [0x00007f6e8d400000, 0x00007f6f0d400000)
  region size 1024K, 279 young (285696K), 15 survivors (15360K)
 Metaspace       used 45892K, committed 46144K, reserved 49152K
}
Event: 2969.875 GC heap after
{Heap after GC invocations=25 (full 1):
 garbage-first heap   total 477184K, used 29541K [0x00007f6e8d400000, 0x00007f6f0d400000)
  region size 1024K, 12 young (12288K), 12 survivors (12288K)
 Metaspace       used 45892K, committed 46144K, reserved 49152K
}

